# JRE version: OpenJDK Runtime Environment (7.0_51) (build 1.7.0_51-b00)
# Java VM: OpenJDK 64-Bit Server VM (24.45-b08 mixed mode linux-amd64 compressed oops)
Heap
 PSYoungGen      total 202752K, used 0K [0x00000000e0000000, 0x00000000ee480000, 0x0000000100000000)
  eden space 173056K, 0% used [0x00000000e0000000,0x00000000e0000000,0x00000000ea900000)
  from space 29696K, 0% used [0x00000000ec680000,0x00000000ec680000,0x00000000ee380000)
  to   space 30208K, 0% used [0x00000000ea900000,0x00000000ea900000,0x00000000ec680000)
 ParOldGen       total 349696K, used 21058K [0x00000000a0000000, 0x00000000b5580000, 0x00000000e0000000)
  object space 349696K, 6% used [0x00000000a0000000,0x00000000a1490820,0x00000000b5580000)
 PSPermGen       total 91136K, used 74400K [0x0000000080000000, 0x0000000085900000, 0x00000000a0000000)
  object space 91136K, 81% used [0x0000000080000000,0x00000000848a80a8,0x0000000085900000)
GC Heap History (10 events):
Event: 4012.617 GC heap after
Heap after GC invocations=144 (full 0):
 PSYoungGen      total 148480K, used 160K [0x00000000e0000000, 0x00000000eab00000, 0x0000000100000000)
  eden space 120320K, 0% used [0x00000000e0000000,0x00000000e0000000,0x00000000e7580000)
  from space 28160K, 0% used [0x00000000e8f80000,0x00000000e8fa8000,0x00000000eab00000)
  to   space 26624K, 0% used [0x00000000e7580000,0x00000000e7580000,0x00000000e8f80000)
 ParOldGen       total 349696K, used 315464K [0x00000000a0000000, 0x00000000b5580000, 0x00000000e0000000)
  object space 349696K, 90% used [0x00000000a0000000,0x00000000b34121a8,0x00000000b5580000)
 PSPermGen       total 90624K, used 90330K [0x0000000080000000, 0x0000000085880000, 0x00000000a0000000)
  object space 90624K, 99% used [0x0000000080000000,0x0000000085836848,0x0000000085880000)
}
Event: 4052.062 GC heap before
{Heap before GC invocations=145 (full 0):
 PSYoungGen      total 148480K, used 120480K [0x00000000e0000000, 0x00000000eab00000, 0x0000000100000000)
  eden space 120320K, 100% used [0x00000000e0000000,0x00000000e7580000,0x00000000e7580000)
  from space 28160K, 0% used [0x00000000e8f80000,0x00000000e8fa8000,0x00000000eab00000)
  to   space 26624K, 0% used [0x00000000e7580000,0x00000000e7580000,0x00000000e8f80000)
 ParOldGen       total 349696K, used 315464K [0x00000000a0000000, 0x00000000b5580000, 0x00000000e0000000)
  object space 349696K, 90% used [0x00000000a0000000,0x00000000b34121a8,0x00000000b5580000)
 PSPermGen       total 90624K, used 90330K [0x0000000080000000, 0x0000000085880000, 0x00000000a0000000)
  object space 90624K, 99% used [0x0000000080000000,0x0000000085836848,0x0000000085880000)
Event: 4054.664 GC heap after
Heap after GC invocations=145 (full 0):
 PSYoungGen      total 146944K, used 224K [0x00000000e0000000, 0x00000000ebf00000, 0x0000000100000000)
  eden space 120320K, 0% used [0x00000000e0000000,0x00000000e0000000,0x00000000e7580000)
  from space 26624K, 0% used [0x00000000e7580000,0x00000000e75b8000,0x00000000e8f80000)
  to   space 25600K, 0% used [0x00000000ea600000,0x00000000ea600000,0x00000000ebf00000)
 ParOldGen       total 349696K, used 315472K [0x00000000a0000000, 0x00000000b5580000, 0x00000000e0000000)
  object space 349696K, 90% used [0x00000000a0000000,0x00000000b34141a8,0x00000000b5580000)
 PSPermGen       total 90624K, used 90330K [0x0000000080000000, 0x0000000085880000, 0x00000000a0000000)
  object space 90624K, 99% used [0x0000000080000000,0x0000000085836848,0x0000000085880000)
}
Event: 4085.674 GC heap before
{Heap before GC invocations=146 (full 0):
 PSYoungGen      total 146944K, used 120544K [0x00000000e0000000, 0x00000000ebf00000, 0x0000000100000000)
  eden space 120320K, 100% used [0x00000000e0000000,0x00000000e7580000,0x00000000e7580000)
  from space 26624K, 0% used [0x00000000e7580000,0x00000000e75b8000,0x00000000e8f80000)
  to   space 25600K, 0% used [0x00000000ea600000,0x00000000ea600000,0x00000000ebf00000)
 ParOldGen       total 349696K, used 315472K [0x00000000a0000000, 0x00000000b5580000, 0x00000000e0000000)
  object space 349696K, 90% used [0x00000000a0000000,0x00000000b34141a8,0x00000000b5580000)
 PSPermGen       total 90624K, used 90330K [0x0000000080000000, 0x0000000085880000, 0x00000000a0000000)
  object space 90624K, 99% used [0x0000000080000000,0x0000000085836848,0x0000000085880000)
Event: 4086.377 GC heap after
Heap after GC invocations=146 (full 0):
 PSYoungGen      total 166912K, used 160K [0x00000000e0000000, 0x00000000ebc00000, 0x0000000100000000)
  eden space 144384K, 0% used [0x00000000e0000000,0x00000000e0000000,0x00000000e8d00000)
  from space 22528K, 0% used [0x00000000ea600000,0x00000000ea628000,0x00000000ebc00000)
  to   space 24064K, 0% used [0x00000000e8d00000,0x00000000e8d00000,0x00000000ea480000)
 ParOldGen       total 349696K, used 315480K [0x00000000a0000000, 0x00000000b5580000, 0x00000000e0000000)
  object space 349696K, 90% used [0x00000000a0000000,0x00000000b34161a8,0x00000000b5580000)
 PSPermGen       total 90624K, used 90330K [0x0000000080000000, 0x0000000085880000, 0x00000000a0000000)
  object space 90624K, 99% used [0x0000000080000000,0x0000000085836848,0x0000000085880000)
}
Event: 4134.975 GC heap before
{Heap before GC invocations=147 (full 0):
 PSYoungGen      total 166912K, used 144544K [0x00000000e0000000, 0x00000000ebc00000, 0x0000000100000000)
  eden space 144384K, 100% used [0x00000000e0000000,0x00000000e8d00000,0x00000000e8d00000)
  from space 22528K, 0% used [0x00000000ea600000,0x00000000ea628000,0x00000000ebc00000)
  to   space 24064K, 0% used [0x00000000e8d00000,0x00000000e8d00000,0x00000000ea480000)
 ParOldGen       total 349696K, used 315480K [0x00000000a0000000, 0x00000000b5580000, 0x00000000e0000000)
  object space 349696K, 90% used [0x00000000a0000000,0x00000000b34161a8,0x00000000b5580000)
 PSPermGen       total 90624K, used 90545K [0x0000000080000000, 0x0000000085880000, 0x00000000a0000000)
  object space 90624K, 99% used [0x0000000080000000,0x000000008586c538,0x0000000085880000)
Event: 4136.069 GC heap after
Heap after GC invocations=147 (full 0):
 PSYoungGen      total 168448K, used 24048K [0x00000000e0000000, 0x00000000ee380000, 0x0000000100000000)
  eden space 144384K, 0% used [0x00000000e0000000,0x00000000e0000000,0x00000000e8d00000)
  from space 24064K, 99% used [0x00000000e8d00000,0x00000000ea47c090,0x00000000ea480000)
  to   space 29696K, 0% used [0x00000000ec680000,0x00000000ec680000,0x00000000ee380000)
 ParOldGen       total 349696K, used 316064K [0x00000000a0000000, 0x00000000b5580000, 0x00000000e0000000)
  object space 349696K, 90% used [0x00000000a0000000,0x00000000b34a80a8,0x00000000b5580000)
 PSPermGen       total 90624K, used 90545K [0x0000000080000000, 0x0000000085880000, 0x00000000a0000000)
  object space 90624K, 99% used [0x0000000080000000,0x000000008586c538,0x0000000085880000)
}
Event: 4211.558 GC heap before
{Heap before GC invocations=148 (full 0):
 PSYoungGen      total 168448K, used 168432K [0x00000000e0000000, 0x00000000ee380000, 0x0000000100000000)
  eden space 144384K, 100% used [0x00000000e0000000,0x00000000e8d00000,0x00000000e8d00000)
  from space 24064K, 99% used [0x00000000e8d00000,0x00000000ea47c090,0x00000000ea480000)
  to   space 29696K, 0% used [0x00000000ec680000,0x00000000ec680000,0x00000000ee380000)
 ParOldGen       total 349696K, used 316064K [0x00000000a0000000, 0x00000000b5580000, 0x00000000e0000000)
  object space 349696K, 90% used [0x00000000a0000000,0x00000000b34a80a8,0x00000000b5580000)
 PSPermGen       total 91136K, used 90804K [0x0000000080000000, 0x0000000085900000, 0x00000000a0000000)
  object space 91136K, 99% used [0x0000000080000000,0x00000000858ad2c8,0x0000000085900000)
Event: 4212.239 GC heap after
Heap after GC invocations=148 (full 0):
 PSYoungGen      total 202752K, used 13131K [0x00000000e0000000, 0x00000000ee480000, 0x0000000100000000)
  eden space 173056K, 0% used [0x00000000e0000000,0x00000000e0000000,0x00000000ea900000)
  from space 29696K, 44% used [0x00000000ec680000,0x00000000ed352f48,0x00000000ee380000)
  to   space 30208K, 0% used [0x00000000ea900000,0x00000000ea900000,0x00000000ec680000)
 ParOldGen       total 349696K, used 339274K [0x00000000a0000000, 0x00000000b5580000, 0x00000000e0000000)
  object space 349696K, 97% used [0x00000000a0000000,0x00000000b4b52920,0x00000000b5580000)
 PSPermGen       total 91136K, used 90804K [0x0000000080000000, 0x0000000085900000, 0x00000000a0000000)
  object space 91136K, 99% used [0x0000000080000000,0x00000000858ad2c8,0x0000000085900000)
}
Event: 4212.581 GC heap before
{Heap before GC invocations=149 (full 1):
 PSYoungGen      total 202752K, used 13131K [0x00000000e0000000, 0x00000000ee480000, 0x0000000100000000)
  eden space 173056K, 0% used [0x00000000e0000000,0x00000000e0000000,0x00000000ea900000)
  from space 29696K, 44% used [0x00000000ec680000,0x00000000ed352f48,0x00000000ee380000)
  to   space 30208K, 0% used [0x00000000ea900000,0x00000000ea900000,0x00000000ec680000)
 ParOldGen       total 349696K, used 339274K [0x00000000a0000000, 0x00000000b5580000, 0x00000000e0000000)
  object space 349696K, 97% used [0x00000000a0000000,0x00000000b4b52920,0x00000000b5580000)
 PSPermGen       total 91136K, used 90804K [0x0000000080000000, 0x0000000085900000, 0x00000000a0000000)
  object space 91136K, 99% used [0x0000000080000000,0x00000000858ad2c8,0x0000000085900000)

